[14:17:12] [main/INFO]: Setting user: Player454
[14:17:13] [Client thread/INFO]: LWJGL Version: 2.9.1
[14:17:20] [Client thread/INFO]: Reloading ResourceManager: Default, FMLFileResourcePack:Forge Mod Loader, FMLFileResourcePack:Minecraft Forge, FMLFileResourcePack:Thrisk Base
[14:17:21] [Sound Library Loader/INFO]: Sound engine started
[14:17:22] [Client thread/INFO]: Created: 16x16 textures/blocks-atlas
[14:17:22] [Client thread/INFO]: Created: 16x16 textures/items-atlas
[14:17:22] [Client thread/INFO]: Reloading ResourceManager: Default, FMLFileResourcePack:Forge Mod Loader, FMLFileResourcePack:Minecraft Forge, FMLFileResourcePack:Thrisk Base
[14:17:22] [Client thread/INFO]: Created: 512x256 textures/blocks-atlas
[14:17:22] [Client thread/INFO]: Created: 256x256 textures/items-atlas
[14:17:23] [Sound Library Loader/INFO]: Sound engine started
[14:17:26] [Server thread/INFO]: Starting integrated minecraft server version 1.7.10
[14:17:26] [Server thread/INFO]: Generating keypair
[14:17:27] [Server thread/INFO]: Preparing start region for level 0
[14:17:27] [Server thread/INFO]: Changing view distance to 12, from 10
[14:17:28] [Server thread/INFO]: Player454[local:E:01c03ed9] logged in with entity id 126 at (185.30000001192093, 47.0, -700.7443368843271)
[14:17:28] [Server thread/INFO]: Player454 joined the game
[14:17:35] [Server thread/INFO]: Saving and pausing game...
[14:17:35] [Server thread/INFO]: Saving chunks for level 'New World'/Overworld
[14:17:35] [Server thread/INFO]: Saving chunks for level 'New World'/Nether
[14:17:35] [Server thread/INFO]: Saving chunks for level 'New World'/The End
[14:17:35] [Server thread/INFO]: Stopping server
[14:17:35] [Server thread/INFO]: Saving players
[14:17:35] [Server thread/INFO]: Saving worlds
[14:17:35] [Server thread/INFO]: Saving chunks for level 'New World'/Overworld
[14:17:35] [Server thread/INFO]: Saving chunks for level 'New World'/Nether
[14:17:35] [Server thread/INFO]: Saving chunks for level 'New World'/The End
[14:17:36] [Client thread/INFO]: Stopping!
